c:\users\diana.cinca\documents\raymarine\build\desktop_qt_6_8_0_msvc2022_64bit_qt_qt6-debug\boatperformancechart.dir\debug\vc143.pdb
c:\users\diana.cinca\documents\raymarine\build\desktop_qt_6_8_0_msvc2022_64bit_qt_qt6-debug\boatperformancechart.dir\debug\qrc_boatperformancechart_raw_qml_0.obj
c:\users\diana.cinca\documents\raymarine\build\desktop_qt_6_8_0_msvc2022_64bit_qt_qt6-debug\boatperformancechart.dir\debug\performancechart_qml.obj
c:\users\diana.cinca\documents\raymarine\build\desktop_qt_6_8_0_msvc2022_64bit_qt_qt6-debug\boatperformancechart.dir\debug\main_qml.obj
c:\users\diana.cinca\documents\raymarine\build\desktop_qt_6_8_0_msvc2022_64bit_qt_qt6-debug\boatperformancechart.dir\debug\boatperformancechart_qmlcache_loader.obj
c:\users\diana.cinca\documents\raymarine\build\desktop_qt_6_8_0_msvc2022_64bit_qt_qt6-debug\boatperformancechart.dir\debug\chartdatamodel.obj
c:\users\diana.cinca\documents\raymarine\build\desktop_qt_6_8_0_msvc2022_64bit_qt_qt6-debug\boatperformancechart.dir\debug\qrc_qmake_boatperformancechart.obj
c:\users\diana.cinca\documents\raymarine\build\desktop_qt_6_8_0_msvc2022_64bit_qt_qt6-debug\boatperformancechart.dir\debug\main.obj
c:\users\diana.cinca\documents\raymarine\build\desktop_qt_6_8_0_msvc2022_64bit_qt_qt6-debug\meta_types\qt6boatperformancechart_metatypes.json.gen
c:\users\diana.cinca\documents\raymarine\build\desktop_qt_6_8_0_msvc2022_64bit_qt_qt6-debug\boatperformancechart_qmltyperegistrations.cpp
c:\users\diana.cinca\documents\raymarine\build\desktop_qt_6_8_0_msvc2022_64bit_qt_qt6-debug\boatperformancechart\boatperformancechart.qmltypes
c:\users\diana.cinca\documents\raymarine\build\desktop_qt_6_8_0_msvc2022_64bit_qt_qt6-debug\.qt\rcc\qrc_qmake_boatperformancechart.cpp
c:\users\diana.cinca\documents\raymarine\build\desktop_qt_6_8_0_msvc2022_64bit_qt_qt6-debug\.rcc\qmlcache\boatperformancechart_qmlcache_loader.cpp
c:\users\diana.cinca\documents\raymarine\build\desktop_qt_6_8_0_msvc2022_64bit_qt_qt6-debug\.rcc\qmlcache\boatperformancechart_qml\main_qml.cpp
c:\users\diana.cinca\documents\raymarine\build\desktop_qt_6_8_0_msvc2022_64bit_qt_qt6-debug\.rcc\qmlcache\boatperformancechart_qml\main_qml.cpp.aotstats
c:\users\diana.cinca\documents\raymarine\build\desktop_qt_6_8_0_msvc2022_64bit_qt_qt6-debug\.rcc\qmlcache\boatperformancechart_qml\performancechart_qml.cpp
c:\users\diana.cinca\documents\raymarine\build\desktop_qt_6_8_0_msvc2022_64bit_qt_qt6-debug\.rcc\qmlcache\boatperformancechart_qml\performancechart_qml.cpp.aotstats
c:\users\diana.cinca\documents\raymarine\build\desktop_qt_6_8_0_msvc2022_64bit_qt_qt6-debug\.qt\rcc\qrc_boatperformancechart_raw_qml_0.cpp
c:\users\diana.cinca\documents\raymarine\build\desktop_qt_6_8_0_msvc2022_64bit_qt_qt6-debug\boatperformancechart_autogen\ewiega46ww_debug\qrc_qml.cpp
c:\users\diana.cinca\documents\raymarine\build\desktop_qt_6_8_0_msvc2022_64bit_qt_qt6-debug\cmakefiles\generate.stamp
c:\users\diana.cinca\documents\raymarine\build\desktop_qt_6_8_0_msvc2022_64bit_qt_qt6-debug\boatperformancechart.dir\debug\boatperf.88fa98cc.tlog\cl.command.1.tlog
c:\users\diana.cinca\documents\raymarine\build\desktop_qt_6_8_0_msvc2022_64bit_qt_qt6-debug\boatperformancechart.dir\debug\boatperf.88fa98cc.tlog\cl.read.1.tlog
c:\users\diana.cinca\documents\raymarine\build\desktop_qt_6_8_0_msvc2022_64bit_qt_qt6-debug\boatperformancechart.dir\debug\boatperf.88fa98cc.tlog\cl.write.1.tlog
c:\users\diana.cinca\documents\raymarine\build\desktop_qt_6_8_0_msvc2022_64bit_qt_qt6-debug\boatperformancechart.dir\debug\boatperf.88fa98cc.tlog\custombuild.command.1.tlog
c:\users\diana.cinca\documents\raymarine\build\desktop_qt_6_8_0_msvc2022_64bit_qt_qt6-debug\boatperformancechart.dir\debug\boatperf.88fa98cc.tlog\custombuild.read.1.tlog
c:\users\diana.cinca\documents\raymarine\build\desktop_qt_6_8_0_msvc2022_64bit_qt_qt6-debug\boatperformancechart.dir\debug\boatperf.88fa98cc.tlog\custombuild.write.1.tlog
